I, [2014-02-25T16:49:03.610047 #62608]  INFO -- Kitchen: -----> Starting Kitchen (v1.2.1)
I, [2014-02-25T16:49:03.849839 #62608]  INFO -- Kitchen: -----> Creating <default-ubuntu-1204>...
I, [2014-02-25T16:49:37.242738 #62608]  INFO -- Kitchen: -----> Kitchen is finished. (0m33.63s)
I, [2014-02-25T16:50:45.758242 #62806]  INFO -- Kitchen: -----> Starting Kitchen (v1.2.1)
I, [2014-02-25T16:50:46.003070 #62806]  INFO -- Kitchen: -----> Converging <default-ubuntu-1204>...
I, [2014-02-25T16:51:14.804721 #62806]  INFO -- Kitchen: -----> Kitchen is finished. (0m29.05s)
W, [2014-02-25T16:51:29.604930 #62822]  WARN -- Kitchen: Make sure you have the pry gem installed. You can install it with:
W, [2014-02-25T16:51:29.605018 #62822]  WARN -- Kitchen: `gem install pry` or including 'gem "pry"' in your Gemfile.
I, [2014-02-25T16:52:24.281933 #62863]  INFO -- Kitchen: -----> Starting Kitchen (v1.2.1)
I, [2014-02-25T16:52:24.516203 #62863]  INFO -- Kitchen: -----> Converging <default-ubuntu-1204>...
I, [2014-02-25T16:52:25.764785 #62863]  INFO -- Kitchen: -----> Kitchen is finished. (0m1.48s)
I, [2014-02-25T17:00:48.633969 #63000]  INFO -- Kitchen: -----> Starting Kitchen (v1.2.1)
I, [2014-02-25T17:00:48.878073 #63000]  INFO -- Kitchen: -----> Converging <default-ubuntu-1204>...
I, [2014-02-25T17:00:49.894811 #63000]  INFO -- Kitchen: -----> Kitchen is finished. (0m1.26s)
I, [2014-02-25T17:14:57.045524 #63281]  INFO -- Kitchen: -----> Starting Kitchen (v1.2.1)
I, [2014-02-25T17:14:57.276570 #63281]  INFO -- Kitchen: -----> Cleaning up any prior instances of <default-ubuntu-1204>
I, [2014-02-25T17:14:57.277024 #63281]  INFO -- Kitchen: -----> Destroying <default-ubuntu-1204>...
I, [2014-02-25T17:15:00.614322 #63281]  INFO -- Kitchen: -----> Testing <default-ubuntu-1204>
I, [2014-02-25T17:15:00.614515 #63281]  INFO -- Kitchen: -----> Creating <default-ubuntu-1204>...
I, [2014-02-25T17:15:30.541938 #63281]  INFO -- Kitchen: -----> Converging <default-ubuntu-1204>...
I, [2014-02-25T17:16:01.504508 #63281]  INFO -- Kitchen: -----> Setting up <default-ubuntu-1204>...
I, [2014-02-25T17:16:17.881695 #63281]  INFO -- Kitchen: -----> Verifying <default-ubuntu-1204>...
I, [2014-02-25T17:16:18.628643 #63281]  INFO -- Kitchen: -----> Destroying <default-ubuntu-1204>...
I, [2014-02-25T17:16:22.020750 #63281]  INFO -- Kitchen: -----> Kitchen is finished. (1m24.98s)
I, [2014-02-25T17:20:24.411106 #63559]  INFO -- Kitchen: -----> Starting Kitchen (v1.2.1)
I, [2014-02-25T17:20:24.644274 #63559]  INFO -- Kitchen: -----> Creating <default-ubuntu-1204>...
I, [2014-02-25T17:20:57.510131 #63559]  INFO -- Kitchen: -----> Converging <default-ubuntu-1204>...
I, [2014-02-25T17:21:59.575171 #63559]  INFO -- Kitchen: -----> Setting up <default-ubuntu-1204>...
I, [2014-02-25T17:22:15.029511 #63559]  INFO -- Kitchen: -----> Verifying <default-ubuntu-1204>...
E, [2014-02-25T17:22:15.799628 #63559] ERROR -- Kitchen: Verify failed on instance <default-ubuntu-1204>.
I, [2014-02-25T17:24:12.619238 #63734]  INFO -- Kitchen: -----> Starting Kitchen (v1.2.1)
I, [2014-02-25T17:24:12.848498 #63734]  INFO -- Kitchen: -----> Verifying <default-ubuntu-1204>...
E, [2014-02-25T17:24:13.591350 #63734] ERROR -- Kitchen: Verify failed on instance <default-ubuntu-1204>.
I, [2014-02-25T17:25:20.342595 #63779]  INFO -- Kitchen: -----> Starting Kitchen (v1.2.1)
I, [2014-02-25T17:25:20.576321 #63779]  INFO -- Kitchen: -----> Verifying <default-ubuntu-1204>...
E, [2014-02-25T17:25:21.387250 #63779] ERROR -- Kitchen: Verify failed on instance <default-ubuntu-1204>.
I, [2014-02-25T17:26:36.157602 #63819]  INFO -- Kitchen: -----> Starting Kitchen (v1.2.1)
I, [2014-02-25T17:26:36.391461 #63819]  INFO -- Kitchen: -----> Verifying <default-ubuntu-1204>...
E, [2014-02-25T17:26:37.185312 #63819] ERROR -- Kitchen: Verify failed on instance <default-ubuntu-1204>.
I, [2014-02-25T17:26:41.713649 #63835]  INFO -- Kitchen: -----> Starting Kitchen (v1.2.1)
I, [2014-02-25T17:26:41.947672 #63835]  INFO -- Kitchen: -----> Cleaning up any prior instances of <default-ubuntu-1204>
I, [2014-02-25T17:26:41.948079 #63835]  INFO -- Kitchen: -----> Destroying <default-ubuntu-1204>...
I, [2014-02-25T17:26:45.354338 #63835]  INFO -- Kitchen: -----> Testing <default-ubuntu-1204>
I, [2014-02-25T17:26:45.354526 #63835]  INFO -- Kitchen: -----> Creating <default-ubuntu-1204>...
I, [2014-02-25T17:27:15.177450 #63835]  INFO -- Kitchen: -----> Converging <default-ubuntu-1204>...
I, [2014-02-25T17:27:40.985024 #63835]  INFO -- Kitchen: -----> Setting up <default-ubuntu-1204>...
I, [2014-02-25T17:28:02.991670 #63835]  INFO -- Kitchen: -----> Verifying <default-ubuntu-1204>...
I, [2014-02-25T17:28:03.775651 #63835]  INFO -- Kitchen: -----> Destroying <default-ubuntu-1204>...
I, [2014-02-25T17:28:07.204342 #63835]  INFO -- Kitchen: -----> Kitchen is finished. (1m25.49s)
I, [2014-02-25T17:29:49.301942 #64047]  INFO -- Kitchen: -----> Starting Kitchen (v1.2.1)
I, [2014-02-25T17:29:49.528102 #64047]  INFO -- Kitchen: -----> Cleaning up any prior instances of <default-ubuntu-1204>
I, [2014-02-25T17:29:49.528256 #64047]  INFO -- Kitchen: -----> Destroying <default-ubuntu-1204>...
I, [2014-02-25T17:29:49.529752 #64047]  INFO -- Kitchen: -----> Testing <default-ubuntu-1204>
I, [2014-02-25T17:29:49.529909 #64047]  INFO -- Kitchen: -----> Creating <default-ubuntu-1204>...
I, [2014-02-25T17:30:04.904469 #64119]  INFO -- Kitchen: -----> Starting Kitchen (v1.2.1)
I, [2014-02-25T17:30:05.133910 #64119]  INFO -- Kitchen: -----> Creating <default-ubuntu-1204>...
I, [2014-02-25T17:30:08.684835 #64119]  INFO -- Kitchen: -----> Converging <default-ubuntu-1204>...
I, [2014-02-25T17:30:37.393264 #64119]  INFO -- Kitchen: -----> Setting up <default-ubuntu-1204>...
I, [2014-02-25T17:30:56.621877 #64119]  INFO -- Kitchen: -----> Verifying <default-ubuntu-1204>...
E, [2014-02-25T17:30:57.394039 #64119] ERROR -- Kitchen: Verify failed on instance <default-ubuntu-1204>.
I, [2014-02-25T17:32:49.437947 #64230]  INFO -- Kitchen: -----> Starting Kitchen (v1.2.1)
I, [2014-02-25T17:32:49.670186 #64230]  INFO -- Kitchen: -----> Verifying <default-ubuntu-1204>...
E, [2014-02-25T17:32:50.434053 #64230] ERROR -- Kitchen: Verify failed on instance <default-ubuntu-1204>.
I, [2014-02-25T17:33:02.874324 #64246]  INFO -- Kitchen: -----> Starting Kitchen (v1.2.1)
I, [2014-02-25T17:33:03.104367 #64246]  INFO -- Kitchen: -----> Converging <default-ubuntu-1204>...
E, [2014-02-25T17:33:04.131000 #64246] ERROR -- Kitchen: Converge failed on instance <default-ubuntu-1204>.
I, [2014-02-25T17:36:09.683571 #64297]  INFO -- Kitchen: -----> Starting Kitchen (v1.2.1)
I, [2014-02-25T17:36:09.915125 #64297]  INFO -- Kitchen: -----> Converging <default-ubuntu-1204>...
E, [2014-02-25T17:36:10.872742 #64297] ERROR -- Kitchen: Converge failed on instance <default-ubuntu-1204>.
I, [2014-02-25T17:36:49.684241 #64337]  INFO -- Kitchen: -----> Starting Kitchen (v1.2.1)
I, [2014-02-25T17:36:49.925072 #64337]  INFO -- Kitchen: -----> Converging <default-ubuntu-1204>...
E, [2014-02-25T17:36:50.876747 #64337] ERROR -- Kitchen: Converge failed on instance <default-ubuntu-1204>.
I, [2014-02-25T17:38:57.708601 #64390]  INFO -- Kitchen: -----> Starting Kitchen (v1.2.1)
I, [2014-02-25T17:38:57.944430 #64390]  INFO -- Kitchen: -----> Converging <default-ubuntu-1204>...
I, [2014-02-25T17:38:58.912141 #64390]  INFO -- Kitchen: -----> Kitchen is finished. (0m1.20s)
I, [2014-02-25T17:39:08.260734 #64406]  INFO -- Kitchen: -----> Starting Kitchen (v1.2.1)
I, [2014-02-25T17:39:08.494878 #64406]  INFO -- Kitchen: -----> Setting up <default-ubuntu-1204>...
I, [2014-02-25T17:39:11.235837 #64406]  INFO -- Kitchen: -----> Verifying <default-ubuntu-1204>...
I, [2014-02-25T17:39:12.017156 #64406]  INFO -- Kitchen: -----> Kitchen is finished. (0m3.76s)
I, [2014-02-25T17:46:01.346077 #64592]  INFO -- Kitchen: -----> Starting Kitchen (v1.2.1)
I, [2014-02-25T17:46:01.577608 #64592]  INFO -- Kitchen: -----> Converging <default-ubuntu-1204>...
I, [2014-02-25T17:46:02.527900 #64592]  INFO -- Kitchen: -----> Kitchen is finished. (0m1.18s)
I, [2014-02-25T17:46:19.808202 #64616]  INFO -- Kitchen: -----> Starting Kitchen (v1.2.1)
I, [2014-02-25T17:46:20.033018 #64616]  INFO -- Kitchen: -----> Setting up <default-ubuntu-1204>...
I, [2014-02-25T17:46:22.623443 #64616]  INFO -- Kitchen: -----> Verifying <default-ubuntu-1204>...
I, [2014-02-25T17:46:23.399000 #64616]  INFO -- Kitchen: -----> Kitchen is finished. (0m3.59s)
I, [2014-02-25T17:46:54.263724 #64647]  INFO -- Kitchen: -----> Starting Kitchen (v1.2.1)
I, [2014-02-25T17:46:54.493501 #64647]  INFO -- Kitchen: -----> Converging <default-ubuntu-1204>...
I, [2014-02-25T17:46:55.438595 #64647]  INFO -- Kitchen: -----> Kitchen is finished. (0m1.17s)
I, [2014-02-25T17:46:55.688020 #64656]  INFO -- Kitchen: -----> Starting Kitchen (v1.2.1)
I, [2014-02-25T17:46:55.917351 #64656]  INFO -- Kitchen: -----> Setting up <default-ubuntu-1204>...
I, [2014-02-25T17:46:58.835252 #64656]  INFO -- Kitchen: -----> Verifying <default-ubuntu-1204>...
I, [2014-02-25T17:46:59.607627 #64656]  INFO -- Kitchen: -----> Kitchen is finished. (0m3.92s)
I, [2014-02-25T17:51:08.874842 #64863]  INFO -- Kitchen: -----> Starting Kitchen (v1.2.1)
I, [2014-02-25T17:51:09.108778 #64863]  INFO -- Kitchen: -----> Converging <default-ubuntu-1204>...
I, [2014-02-25T17:51:10.075141 #64863]  INFO -- Kitchen: -----> Kitchen is finished. (0m1.20s)
I, [2014-02-25T17:51:10.328346 #64872]  INFO -- Kitchen: -----> Starting Kitchen (v1.2.1)
I, [2014-02-25T17:51:10.564565 #64872]  INFO -- Kitchen: -----> Setting up <default-ubuntu-1204>...
I, [2014-02-25T17:51:13.331537 #64872]  INFO -- Kitchen: -----> Verifying <default-ubuntu-1204>...
I, [2014-02-25T17:51:14.113601 #64872]  INFO -- Kitchen: -----> Kitchen is finished. (0m3.79s)
I, [2014-02-25T17:58:17.898805 #65053]  INFO -- Kitchen: -----> Starting Kitchen (v1.2.1)
I, [2014-02-25T17:58:18.132083 #65053]  INFO -- Kitchen: -----> Converging <default-ubuntu-1204>...
I, [2014-02-25T17:58:19.086204 #65053]  INFO -- Kitchen: -----> Kitchen is finished. (0m1.19s)
I, [2014-02-25T17:58:19.333866 #65062]  INFO -- Kitchen: -----> Starting Kitchen (v1.2.1)
I, [2014-02-25T17:58:19.565083 #65062]  INFO -- Kitchen: -----> Setting up <default-ubuntu-1204>...
I, [2014-02-25T17:58:22.483534 #65062]  INFO -- Kitchen: -----> Verifying <default-ubuntu-1204>...
E, [2014-02-25T17:58:23.264532 #65062] ERROR -- Kitchen: Verify failed on instance <default-ubuntu-1204>.
I, [2014-02-25T18:02:58.816005 #65135]  INFO -- Kitchen: -----> Starting Kitchen (v1.2.1)
I, [2014-02-25T18:02:59.045021 #65135]  INFO -- Kitchen: -----> Converging <default-ubuntu-1204>...
I, [2014-02-25T18:03:13.540162 #65135]  INFO -- Kitchen: -----> Kitchen is finished. (0m14.72s)
I, [2014-02-25T18:03:13.792035 #65144]  INFO -- Kitchen: -----> Starting Kitchen (v1.2.1)
I, [2014-02-25T18:03:14.022456 #65144]  INFO -- Kitchen: -----> Setting up <default-ubuntu-1204>...
I, [2014-02-25T18:03:16.718202 #65144]  INFO -- Kitchen: -----> Verifying <default-ubuntu-1204>...
I, [2014-02-25T18:03:17.511326 #65144]  INFO -- Kitchen: -----> Kitchen is finished. (0m3.72s)
I, [2014-02-25T18:10:15.961446 #65287]  INFO -- Kitchen: -----> Starting Kitchen (v1.2.1)
I, [2014-02-25T18:10:16.198967 #65287]  INFO -- Kitchen: -----> Converging <default-ubuntu-1204>...
I, [2014-02-25T18:10:18.138827 #65287]  INFO -- Kitchen: -----> Kitchen is finished. (0m2.18s)
I, [2014-02-25T18:10:18.391215 #65296]  INFO -- Kitchen: -----> Starting Kitchen (v1.2.1)
I, [2014-02-25T18:10:18.620706 #65296]  INFO -- Kitchen: -----> Setting up <default-ubuntu-1204>...
I, [2014-02-25T18:10:20.804017 #65296]  INFO -- Kitchen: -----> Verifying <default-ubuntu-1204>...
E, [2014-02-25T18:10:21.601620 #65296] ERROR -- Kitchen: Verify failed on instance <default-ubuntu-1204>.
I, [2014-02-25T18:12:23.796672 #65340]  INFO -- Kitchen: -----> Starting Kitchen (v1.2.1)
I, [2014-02-25T18:12:24.029199 #65340]  INFO -- Kitchen: -----> Converging <default-ubuntu-1204>...
I, [2014-02-25T18:12:25.812957 #65340]  INFO -- Kitchen: -----> Kitchen is finished. (0m2.02s)
I, [2014-02-25T18:12:26.061353 #65349]  INFO -- Kitchen: -----> Starting Kitchen (v1.2.1)
I, [2014-02-25T18:12:26.292627 #65349]  INFO -- Kitchen: -----> Setting up <default-ubuntu-1204>...
I, [2014-02-25T18:12:28.716546 #65349]  INFO -- Kitchen: -----> Verifying <default-ubuntu-1204>...
I, [2014-02-25T18:12:29.500395 #65349]  INFO -- Kitchen: -----> Kitchen is finished. (0m3.44s)
I, [2014-02-25T18:14:27.261823 #65396]  INFO -- Kitchen: -----> Starting Kitchen (v1.2.1)
I, [2014-02-25T18:14:27.490603 #65396]  INFO -- Kitchen: -----> Converging <default-ubuntu-1204>...
I, [2014-02-25T18:14:29.234781 #65396]  INFO -- Kitchen: -----> Kitchen is finished. (0m1.97s)
I, [2014-02-25T18:14:29.484053 #65405]  INFO -- Kitchen: -----> Starting Kitchen (v1.2.1)
I, [2014-02-25T18:14:29.713650 #65405]  INFO -- Kitchen: -----> Setting up <default-ubuntu-1204>...
I, [2014-02-25T18:14:32.024235 #65405]  INFO -- Kitchen: -----> Verifying <default-ubuntu-1204>...
E, [2014-02-25T18:14:32.818796 #65405] ERROR -- Kitchen: Verify failed on instance <default-ubuntu-1204>.
I, [2014-02-25T18:14:49.634507 #65445]  INFO -- Kitchen: -----> Starting Kitchen (v1.2.1)
I, [2014-02-25T18:14:49.865843 #65445]  INFO -- Kitchen: -----> Converging <default-ubuntu-1204>...
I, [2014-02-25T18:14:51.724993 #65445]  INFO -- Kitchen: -----> Kitchen is finished. (0m2.09s)
I, [2014-02-25T18:14:51.978432 #65454]  INFO -- Kitchen: -----> Starting Kitchen (v1.2.1)
I, [2014-02-25T18:14:52.206102 #65454]  INFO -- Kitchen: -----> Setting up <default-ubuntu-1204>...
I, [2014-02-25T18:14:54.303703 #65454]  INFO -- Kitchen: -----> Verifying <default-ubuntu-1204>...
I, [2014-02-25T18:14:55.089680 #65454]  INFO -- Kitchen: -----> Kitchen is finished. (0m3.11s)
I, [2014-02-25T18:24:28.428442 #65745]  INFO -- Kitchen: -----> Starting Kitchen (v1.2.1)
I, [2014-02-25T18:24:28.661499 #65745]  INFO -- Kitchen: -----> Converging <default-ubuntu-1204>...
I, [2014-02-25T18:24:30.413741 #65745]  INFO -- Kitchen: -----> Kitchen is finished. (0m1.99s)
I, [2014-02-25T18:24:30.661647 #65754]  INFO -- Kitchen: -----> Starting Kitchen (v1.2.1)
I, [2014-02-25T18:24:30.890693 #65754]  INFO -- Kitchen: -----> Setting up <default-ubuntu-1204>...
I, [2014-02-25T18:24:33.058291 #65754]  INFO -- Kitchen: -----> Verifying <default-ubuntu-1204>...
E, [2014-02-25T18:24:33.866354 #65754] ERROR -- Kitchen: Verify failed on instance <default-ubuntu-1204>.
I, [2014-02-25T18:26:54.331925 #65812]  INFO -- Kitchen: -----> Starting Kitchen (v1.2.1)
I, [2014-02-25T18:26:54.557817 #65812]  INFO -- Kitchen: -----> Converging <default-ubuntu-1204>...
I, [2014-02-25T18:26:56.216084 #65812]  INFO -- Kitchen: -----> Kitchen is finished. (0m1.88s)
I, [2014-02-25T18:26:56.473908 #65823]  INFO -- Kitchen: -----> Starting Kitchen (v1.2.1)
I, [2014-02-25T18:26:56.705444 #65823]  INFO -- Kitchen: -----> Setting up <default-ubuntu-1204>...
I, [2014-02-25T18:26:59.167701 #65823]  INFO -- Kitchen: -----> Verifying <default-ubuntu-1204>...
E, [2014-02-25T18:26:59.968069 #65823] ERROR -- Kitchen: Verify failed on instance <default-ubuntu-1204>.
I, [2014-02-25T18:29:43.113275 #65868]  INFO -- Kitchen: -----> Starting Kitchen (v1.2.1)
I, [2014-02-25T18:29:43.344098 #65868]  INFO -- Kitchen: -----> Converging <default-ubuntu-1204>...
E, [2014-02-25T18:29:45.155060 #65868] ERROR -- Kitchen: Converge failed on instance <default-ubuntu-1204>.
I, [2014-02-25T18:46:55.291337 #65963]  INFO -- Kitchen: -----> Starting Kitchen (v1.2.1)
I, [2014-02-25T18:46:55.522438 #65963]  INFO -- Kitchen: -----> Converging <default-ubuntu-1204>...
E, [2014-02-25T18:46:57.367384 #65963] ERROR -- Kitchen: Converge failed on instance <default-ubuntu-1204>.
I, [2014-02-25T18:48:43.880006 #66003]  INFO -- Kitchen: -----> Starting Kitchen (v1.2.1)
I, [2014-02-25T18:48:44.112319 #66003]  INFO -- Kitchen: -----> Converging <default-ubuntu-1204>...
E, [2014-02-25T18:48:46.349320 #66003] ERROR -- Kitchen: Converge failed on instance <default-ubuntu-1204>.
I, [2014-02-25T18:50:18.362984 #66060]  INFO -- Kitchen: -----> Starting Kitchen (v1.2.1)
I, [2014-02-25T18:50:18.593033 #66060]  INFO -- Kitchen: -----> Converging <default-ubuntu-1204>...
I, [2014-02-25T18:50:20.442284 #66060]  INFO -- Kitchen: -----> Kitchen is finished. (0m2.08s)
I, [2014-02-25T18:50:20.703187 #66069]  INFO -- Kitchen: -----> Starting Kitchen (v1.2.1)
I, [2014-02-25T18:50:20.932619 #66069]  INFO -- Kitchen: -----> Setting up <default-ubuntu-1204>...
I, [2014-02-25T18:50:23.856367 #66069]  INFO -- Kitchen: -----> Verifying <default-ubuntu-1204>...
E, [2014-02-25T18:50:24.654708 #66069] ERROR -- Kitchen: Verify failed on instance <default-ubuntu-1204>.
I, [2014-02-25T18:52:39.810043 #66141]  INFO -- Kitchen: -----> Starting Kitchen (v1.2.1)
I, [2014-02-25T18:52:40.049223 #66141]  INFO -- Kitchen: -----> Converging <default-ubuntu-1204>...
I, [2014-02-25T18:52:42.177467 #66141]  INFO -- Kitchen: -----> Kitchen is finished. (0m2.37s)
I, [2014-02-25T18:52:42.446418 #66151]  INFO -- Kitchen: -----> Starting Kitchen (v1.2.1)
I, [2014-02-25T18:52:42.676341 #66151]  INFO -- Kitchen: -----> Setting up <default-ubuntu-1204>...
I, [2014-02-25T18:52:46.432034 #66151]  INFO -- Kitchen: -----> Verifying <default-ubuntu-1204>...
E, [2014-02-25T18:52:47.235618 #66151] ERROR -- Kitchen: Verify failed on instance <default-ubuntu-1204>.
I, [2014-02-25T18:54:11.672195 #66212]  INFO -- Kitchen: -----> Starting Kitchen (v1.2.1)
I, [2014-02-25T18:54:11.904284 #66212]  INFO -- Kitchen: -----> Converging <default-ubuntu-1204>...
I, [2014-02-25T18:54:14.009012 #66212]  INFO -- Kitchen: -----> Kitchen is finished. (0m2.34s)
I, [2014-02-25T18:54:14.262248 #66221]  INFO -- Kitchen: -----> Starting Kitchen (v1.2.1)
I, [2014-02-25T18:54:14.490106 #66221]  INFO -- Kitchen: -----> Setting up <default-ubuntu-1204>...
I, [2014-02-25T18:54:17.423254 #66221]  INFO -- Kitchen: -----> Verifying <default-ubuntu-1204>...
I, [2014-02-25T18:54:18.229251 #66221]  INFO -- Kitchen: -----> Kitchen is finished. (0m3.97s)
I, [2014-02-25T18:55:03.538732 #66302]  INFO -- Kitchen: -----> Starting Kitchen (v1.2.1)
I, [2014-02-25T18:55:03.768475 #66302]  INFO -- Kitchen: -----> Converging <default-ubuntu-1204>...
E, [2014-02-25T18:55:05.830791 #66302] ERROR -- Kitchen: Converge failed on instance <default-ubuntu-1204>.
I, [2014-02-25T18:55:40.955717 #66343]  INFO -- Kitchen: -----> Starting Kitchen (v1.2.1)
I, [2014-02-25T18:55:41.186100 #66343]  INFO -- Kitchen: -----> Converging <default-ubuntu-1204>...
E, [2014-02-25T18:55:43.329170 #66343] ERROR -- Kitchen: Converge failed on instance <default-ubuntu-1204>.
I, [2014-02-25T18:56:40.947490 #66388]  INFO -- Kitchen: -----> Starting Kitchen (v1.2.1)
I, [2014-02-25T18:56:41.179733 #66388]  INFO -- Kitchen: -----> Converging <default-ubuntu-1204>...
I, [2014-02-25T18:56:43.336874 #66388]  INFO -- Kitchen: -----> Kitchen is finished. (0m2.39s)
I, [2014-02-25T18:56:43.589175 #66397]  INFO -- Kitchen: -----> Starting Kitchen (v1.2.1)
I, [2014-02-25T18:56:43.821803 #66397]  INFO -- Kitchen: -----> Setting up <default-ubuntu-1204>...
I, [2014-02-25T18:56:47.038345 #66397]  INFO -- Kitchen: -----> Verifying <default-ubuntu-1204>...
I, [2014-02-25T18:56:47.825048 #66397]  INFO -- Kitchen: -----> Kitchen is finished. (0m4.24s)
I, [2014-02-25T18:57:30.555744 #66441]  INFO -- Kitchen: -----> Starting Kitchen (v1.2.1)
I, [2014-02-25T18:57:30.786730 #66441]  INFO -- Kitchen: -----> Converging <default-ubuntu-1204>...
I, [2014-02-25T18:57:33.022236 #66441]  INFO -- Kitchen: -----> Kitchen is finished. (0m2.47s)
I, [2014-02-25T18:57:33.281942 #66450]  INFO -- Kitchen: -----> Starting Kitchen (v1.2.1)
I, [2014-02-25T18:57:33.517600 #66450]  INFO -- Kitchen: -----> Setting up <default-ubuntu-1204>...
I, [2014-02-25T18:57:36.599024 #66450]  INFO -- Kitchen: -----> Verifying <default-ubuntu-1204>...
I, [2014-02-25T18:57:37.381377 #66450]  INFO -- Kitchen: -----> Kitchen is finished. (0m4.10s)
I, [2014-02-25T18:57:52.083941 #66490]  INFO -- Kitchen: -----> Starting Kitchen (v1.2.1)
I, [2014-02-25T18:57:52.316244 #66490]  INFO -- Kitchen: -----> Converging <default-ubuntu-1204>...
I, [2014-02-25T18:57:54.439699 #66490]  INFO -- Kitchen: -----> Kitchen is finished. (0m2.36s)
I, [2014-02-25T18:57:54.693822 #66499]  INFO -- Kitchen: -----> Starting Kitchen (v1.2.1)
I, [2014-02-25T18:57:54.926698 #66499]  INFO -- Kitchen: -----> Setting up <default-ubuntu-1204>...
I, [2014-02-25T18:57:57.822383 #66499]  INFO -- Kitchen: -----> Verifying <default-ubuntu-1204>...
I, [2014-02-25T18:57:58.615914 #66499]  INFO -- Kitchen: -----> Kitchen is finished. (0m3.92s)
I, [2014-02-25T18:58:37.298251 #66544]  INFO -- Kitchen: -----> Starting Kitchen (v1.2.1)
I, [2014-02-25T18:58:37.527270 #66544]  INFO -- Kitchen: -----> Converging <default-ubuntu-1204>...
I, [2014-02-25T18:58:39.542162 #66544]  INFO -- Kitchen: -----> Kitchen is finished. (0m2.24s)
I, [2014-02-25T18:58:39.792203 #66553]  INFO -- Kitchen: -----> Starting Kitchen (v1.2.1)
I, [2014-02-25T18:58:40.020939 #66553]  INFO -- Kitchen: -----> Setting up <default-ubuntu-1204>...
I, [2014-02-25T18:58:42.604026 #66553]  INFO -- Kitchen: -----> Verifying <default-ubuntu-1204>...
E, [2014-02-25T18:58:43.385756 #66553] ERROR -- Kitchen: Verify failed on instance <default-ubuntu-1204>.
I, [2014-02-25T18:59:54.924017 #66601]  INFO -- Kitchen: -----> Starting Kitchen (v1.2.1)
I, [2014-02-25T18:59:55.155563 #66601]  INFO -- Kitchen: -----> Converging <default-ubuntu-1204>...
I, [2014-02-25T19:00:06.921522 #66601]  INFO -- Kitchen: -----> Kitchen is finished. (0m12.00s)
I, [2014-02-25T19:00:07.172954 #66610]  INFO -- Kitchen: -----> Starting Kitchen (v1.2.1)
I, [2014-02-25T19:00:07.403751 #66610]  INFO -- Kitchen: -----> Setting up <default-ubuntu-1204>...
I, [2014-02-25T19:00:09.998238 #66610]  INFO -- Kitchen: -----> Verifying <default-ubuntu-1204>...
E, [2014-02-25T19:00:10.781856 #66610] ERROR -- Kitchen: Verify failed on instance <default-ubuntu-1204>.
I, [2014-02-25T19:00:40.031155 #66650]  INFO -- Kitchen: -----> Starting Kitchen (v1.2.1)
I, [2014-02-25T19:00:40.264330 #66650]  INFO -- Kitchen: -----> Converging <default-ubuntu-1204>...
I, [2014-02-25T19:00:42.338950 #66650]  INFO -- Kitchen: -----> Kitchen is finished. (0m2.31s)
I, [2014-02-25T19:00:42.592533 #66660]  INFO -- Kitchen: -----> Starting Kitchen (v1.2.1)
I, [2014-02-25T19:00:42.824183 #66660]  INFO -- Kitchen: -----> Setting up <default-ubuntu-1204>...
I, [2014-02-25T19:00:45.649949 #66660]  INFO -- Kitchen: -----> Verifying <default-ubuntu-1204>...
E, [2014-02-25T19:00:46.443676 #66660] ERROR -- Kitchen: Verify failed on instance <default-ubuntu-1204>.
I, [2014-02-25T19:02:02.727303 #66709]  INFO -- Kitchen: -----> Starting Kitchen (v1.2.1)
I, [2014-02-25T19:02:02.960137 #66709]  INFO -- Kitchen: -----> Converging <default-ubuntu-1204>...
E, [2014-02-25T19:02:05.292866 #66709] ERROR -- Kitchen: Converge failed on instance <default-ubuntu-1204>.
I, [2014-02-25T19:02:27.975332 #66749]  INFO -- Kitchen: -----> Starting Kitchen (v1.2.1)
I, [2014-02-25T19:02:28.212016 #66749]  INFO -- Kitchen: -----> Converging <default-ubuntu-1204>...
E, [2014-02-25T19:02:30.305534 #66749] ERROR -- Kitchen: Converge failed on instance <default-ubuntu-1204>.
I, [2014-02-25T19:02:40.619999 #66781]  INFO -- Kitchen: -----> Starting Kitchen (v1.2.1)
I, [2014-02-25T19:02:40.847307 #66781]  INFO -- Kitchen: -----> Destroying <default-ubuntu-1204>...
I, [2014-02-25T19:02:44.279398 #66781]  INFO -- Kitchen: -----> Kitchen is finished. (0m3.66s)
I, [2014-02-25T19:02:47.617966 #66826]  INFO -- Kitchen: -----> Starting Kitchen (v1.2.1)
I, [2014-02-25T19:02:47.844904 #66826]  INFO -- Kitchen: -----> Creating <default-ubuntu-1204>...
I, [2014-02-25T19:03:17.625586 #66826]  INFO -- Kitchen: -----> Converging <default-ubuntu-1204>...
E, [2014-02-25T19:04:19.010763 #66826] ERROR -- Kitchen: Converge failed on instance <default-ubuntu-1204>.
I, [2014-02-25T19:05:52.020299 #67033]  INFO -- Kitchen: -----> Starting Kitchen (v1.2.1)
I, [2014-02-25T19:05:52.253119 #67033]  INFO -- Kitchen: -----> Converging <default-ubuntu-1204>...
I, [2014-02-25T19:05:54.364856 #67033]  INFO -- Kitchen: -----> Kitchen is finished. (0m2.34s)
I, [2014-02-25T19:07:31.947230 #67093]  INFO -- Kitchen: -----> Starting Kitchen (v1.2.1)
I, [2014-02-25T19:07:32.176700 #67093]  INFO -- Kitchen: -----> Converging <default-ubuntu-1204>...
I, [2014-02-25T19:07:34.317950 #67093]  INFO -- Kitchen: -----> Kitchen is finished. (0m2.37s)
I, [2014-02-25T19:11:52.659390 #67167]  INFO -- Kitchen: -----> Starting Kitchen (v1.2.1)
I, [2014-02-25T19:11:52.892242 #67167]  INFO -- Kitchen: -----> Converging <default-ubuntu-1204>...
E, [2014-02-25T19:11:54.860299 #67167] ERROR -- Kitchen: Converge failed on instance <default-ubuntu-1204>.
I, [2014-02-25T19:12:00.449812 #67183]  INFO -- Kitchen: -----> Starting Kitchen (v1.2.1)
I, [2014-02-25T19:12:00.681656 #67183]  INFO -- Kitchen: -----> Converging <default-ubuntu-1204>...
E, [2014-02-25T19:12:02.574328 #67183] ERROR -- Kitchen: Converge failed on instance <default-ubuntu-1204>.
I, [2014-02-25T19:12:34.246786 #67223]  INFO -- Kitchen: -----> Starting Kitchen (v1.2.1)
I, [2014-02-25T19:12:34.477581 #67223]  INFO -- Kitchen: -----> Converging <default-ubuntu-1204>...
E, [2014-02-25T19:12:37.249869 #67223] ERROR -- Kitchen: Converge failed on instance <default-ubuntu-1204>.
I, [2014-02-25T19:12:42.487412 #67239]  INFO -- Kitchen: -----> Starting Kitchen (v1.2.1)
I, [2014-02-25T19:12:42.718566 #67239]  INFO -- Kitchen: -----> Converging <default-ubuntu-1204>...
E, [2014-02-25T19:12:44.600611 #67239] ERROR -- Kitchen: Converge failed on instance <default-ubuntu-1204>.
I, [2014-02-25T19:13:16.074242 #67280]  INFO -- Kitchen: -----> Starting Kitchen (v1.2.1)
I, [2014-02-25T19:13:16.303320 #67280]  INFO -- Kitchen: -----> Converging <default-ubuntu-1204>...
I, [2014-02-25T19:13:18.461072 #67280]  INFO -- Kitchen: -----> Kitchen is finished. (0m2.39s)
I, [2014-02-25T19:13:25.823400 #67320]  INFO -- Kitchen: -----> Starting Kitchen (v1.2.1)
I, [2014-02-25T19:13:26.059007 #67320]  INFO -- Kitchen: -----> Converging <default-ubuntu-1204>...
I, [2014-02-25T19:13:28.356852 #67320]  INFO -- Kitchen: -----> Kitchen is finished. (0m2.53s)
I, [2014-02-25T19:13:33.645573 #67336]  INFO -- Kitchen: -----> Starting Kitchen (v1.2.1)
I, [2014-02-25T19:13:33.874489 #67336]  INFO -- Kitchen: -----> Setting up <default-ubuntu-1204>...
I, [2014-02-25T19:13:53.133642 #67336]  INFO -- Kitchen: -----> Verifying <default-ubuntu-1204>...
E, [2014-02-25T19:13:53.958968 #67336] ERROR -- Kitchen: Verify failed on instance <default-ubuntu-1204>.
I, [2014-02-25T19:15:50.691384 #67458]  INFO -- Kitchen: -----> Starting Kitchen (v1.2.1)
I, [2014-02-25T19:15:50.923476 #67458]  INFO -- Kitchen: -----> Converging <default-ubuntu-1204>...
I, [2014-02-25T19:15:52.928337 #67458]  INFO -- Kitchen: -----> Kitchen is finished. (0m2.24s)
I, [2014-02-25T19:15:56.637677 #67474]  INFO -- Kitchen: -----> Starting Kitchen (v1.2.1)
I, [2014-02-25T19:15:56.868879 #67474]  INFO -- Kitchen: -----> Setting up <default-ubuntu-1204>...
I, [2014-02-25T19:16:04.888202 #67474]  INFO -- Kitchen: -----> Verifying <default-ubuntu-1204>...
I, [2014-02-25T19:16:05.675776 #67474]  INFO -- Kitchen: -----> Kitchen is finished. (0m9.04s)
I, [2014-02-25T19:20:07.845566 #67682]  INFO -- Kitchen: -----> Starting Kitchen (v1.2.1)
I, [2014-02-25T19:20:08.087724 #67682]  INFO -- Kitchen: -----> Converging <default-ubuntu-1204>...
I, [2014-02-25T19:20:10.150708 #67682]  INFO -- Kitchen: -----> Kitchen is finished. (0m2.30s)
I, [2014-02-25T19:20:10.407194 #67691]  INFO -- Kitchen: -----> Starting Kitchen (v1.2.1)
I, [2014-02-25T19:20:10.642405 #67691]  INFO -- Kitchen: -----> Setting up <default-ubuntu-1204>...
I, [2014-02-25T19:20:13.006093 #67691]  INFO -- Kitchen: -----> Verifying <default-ubuntu-1204>...
E, [2014-02-25T19:20:13.785116 #67691] ERROR -- Kitchen: Verify failed on instance <default-ubuntu-1204>.
I, [2014-02-25T19:20:34.842538 #67733]  INFO -- Kitchen: -----> Starting Kitchen (v1.2.1)
I, [2014-02-25T19:20:35.072898 #67733]  INFO -- Kitchen: -----> Converging <default-ubuntu-1204>...
I, [2014-02-25T19:20:37.004591 #67733]  INFO -- Kitchen: -----> Kitchen is finished. (0m2.16s)
I, [2014-02-25T19:20:37.259686 #67742]  INFO -- Kitchen: -----> Starting Kitchen (v1.2.1)
I, [2014-02-25T19:20:37.487746 #67742]  INFO -- Kitchen: -----> Setting up <default-ubuntu-1204>...
I, [2014-02-25T19:20:40.120905 #67742]  INFO -- Kitchen: -----> Verifying <default-ubuntu-1204>...
I, [2014-02-25T19:20:40.913811 #67742]  INFO -- Kitchen: -----> Kitchen is finished. (0m3.65s)
I, [2014-02-25T19:42:36.786764 #67802]  INFO -- Kitchen: -----> Starting Kitchen (v1.2.1)
I, [2014-02-25T19:42:37.037424 #67802]  INFO -- Kitchen: -----> Destroying <default-ubuntu-1204>...
I, [2014-02-25T19:42:40.455538 #67802]  INFO -- Kitchen: -----> Kitchen is finished. (0m3.67s)
